Arguments: 
  /usr/local/Cellar/node/9.11.1/bin/node /usr/local/Cellar/yarn/1.5.1_1/libexec/bin/yarn.js remove serverless-local

PATH: 
  /usr/local/bin:/usr/bin:/bin:/usr/sbin:/sbin:/usr/local/MacGPG2/bin

Yarn version: 
  1.5.1

Node version: 
  9.11.1

Platform: 
  darwin x64

npm manifest: 
  {
    "name": "backend",
    "version": "1.0.0",
    "main": "index.js",
    "license": "MIT",
    "dependencies": {
      "axios": "^0.18.0",
      "serverless-offline": "^4.1.3",
      "string-similarity": "^3.0.0"
    }
  }

yarn manifest: 
  No manifest

Lockfile: 
  # THIS IS AN AUTOGENERATED FILE. DO NOT EDIT THIS FILE DIRECTLY.
  # yarn lockfile v1
  
  
  accept@2.x.x:
    version "2.1.4"
    resolved "https://registry.yarnpkg.com/accept/-/accept-2.1.4.tgz#887af54ceee5c7f4430461971ec400c61d09acbb"
    dependencies:
      boom "5.x.x"
      hoek "4.x.x"
  
  ammo@2.x.x:
    version "2.0.4"
    resolved "https://registry.yarnpkg.com/ammo/-/ammo-2.0.4.tgz#bf80aab211698ea78f63ef5e7f113dd5d9e8917f"
    dependencies:
      boom "5.x.x"
      hoek "4.x.x"
  
  axios@^0.18.0:
    version "0.18.0"
    resolved "http://registry.npmjs.org/axios/-/axios-0.18.0.tgz#32d53e4851efdc0a11993b6cd000789d70c05102"
    dependencies:
      follow-redirects "^1.3.0"
      is-buffer "^1.1.5"
  
  b64@3.x.x:
    version "3.0.3"
    resolved "https://registry.yarnpkg.com/b64/-/b64-3.0.3.tgz#36afeee0d9345f046387ce6de8a6702afe5bb56e"
  
  boom@5.x.x:
    version "5.2.0"
    resolved "https://registry.yarnpkg.com/boom/-/boom-5.2.0.tgz#5dd9da6ee3a5f302077436290cb717d3f4a54e02"
    dependencies:
      hoek "4.x.x"
  
  boom@7.x.x, boom@^7.3.0:
    version "7.3.0"
    resolved "https://registry.yarnpkg.com/boom/-/boom-7.3.0.tgz#733a6d956d33b0b1999da3fe6c12996950d017b9"
    dependencies:
      hoek "6.x.x"
  
  buffer-equal-constant-time@1.0.1:
    version "1.0.1"
    resolved "https://registry.yarnpkg.com/buffer-equal-constant-time/-/buffer-equal-constant-time-1.0.1.tgz#f8e71132f7ffe6e01a5c9697a4c6f3e48d5cc819"
  
  call@4.x.x:
    version "4.0.2"
    resolved "https://registry.yarnpkg.com/call/-/call-4.0.2.tgz#df76f5f51ee8dd48b856ac8400f7e69e6d7399c4"
    dependencies:
      boom "5.x.x"
      hoek "4.x.x"
  
  catbox-memory@2.x.x:
    version "2.0.4"
    resolved "https://registry.yarnpkg.com/catbox-memory/-/catbox-memory-2.0.4.tgz#433e255902caf54233d1286429c8f4df14e822d5"
    dependencies:
      hoek "4.x.x"
  
  catbox@7.x.x:
    version "7.1.5"
    resolved "https://registry.yarnpkg.com/catbox/-/catbox-7.1.5.tgz#c56f7e8e9555d27c0dc038a96ef73e57d186bb1f"
    dependencies:
      boom "5.x.x"
      hoek "4.x.x"
      joi "10.x.x"
  
  content@3.x.x:
    version "3.0.7"
    resolved "https://registry.yarnpkg.com/content/-/content-3.0.7.tgz#0cbb88e82702d35ccf59800b8add609bb5c1dfc2"
    dependencies:
      boom "5.x.x"
  
  cryptiles@3.x.x:
    version "3.1.4"
    resolved "https://registry.yarnpkg.com/cryptiles/-/cryptiles-3.1.4.tgz#769a68c95612b56faadfcebf57ac86479cbe8322"
    dependencies:
      boom "5.x.x"
  
  cryptiles@^4.1.2:
    version "4.1.3"
    resolved "https://registry.yarnpkg.com/cryptiles/-/cryptiles-4.1.3.tgz#2461d3390ea0b82c643a6ba79f0ed491b0934c25"
    dependencies:
      boom "7.x.x"
  
  debug@=3.1.0:
    version "3.1.0"
    resolved "https://registry.yarnpkg.com/debug/-/debug-3.1.0.tgz#5bb5a0672628b64149566ba16819e61518c67261"
    dependencies:
      ms "2.0.0"
  
  ecdsa-sig-formatter@1.0.10:
    version "1.0.10"
    resolved "https://registry.yarnpkg.com/ecdsa-sig-formatter/-/ecdsa-sig-formatter-1.0.10.tgz#1c595000f04a8897dfb85000892a0f4c33af86c3"
    dependencies:
      safe-buffer "^5.0.1"
  
  follow-redirects@^1.3.0:
    version "1.5.10"
    resolved "https://registry.yarnpkg.com/follow-redirects/-/follow-redirects-1.5.10.tgz#7b7a9f9aea2fdff36786a94ff643ed07f4ff5e2a"
    dependencies:
      debug "=3.1.0"
  
  h2o2@^6.1.0:
    version "6.1.0"
    resolved "https://registry.yarnpkg.com/h2o2/-/h2o2-6.1.0.tgz#2b2e7fcca0e3665c9497645e3203af99ed9033f1"
    dependencies:
      boom "5.x.x"
      hoek "4.x.x"
      joi "10.x.x"
      wreck "12.x.x"
  
  hapi-cors-headers@^1.0.3:
    version "1.0.3"
    resolved "https://registry.yarnpkg.com/hapi-cors-headers/-/hapi-cors-headers-1.0.3.tgz#856b0a9870f435249492c5a52d2744317a8cc1fd"
  
  hapi@^16.7.0:
    version "16.7.0"
    resolved "https://registry.yarnpkg.com/hapi/-/hapi-16.7.0.tgz#3bb39517971df81e8198ec04751455e8b6cb0871"
    dependencies:
      accept "2.x.x"
      ammo "2.x.x"
      boom "5.x.x"
      call "4.x.x"
      catbox "7.x.x"
      catbox-memory "2.x.x"
      cryptiles "3.x.x"
      heavy "4.x.x"
      hoek "4.x.x"
      iron "4.x.x"
      items "2.x.x"
      joi "11.x.x"
      mimos "3.x.x"
      podium "1.x.x"
      shot "3.x.x"
      somever "1.x.x"
      statehood "5.x.x"
      subtext "5.x.x"
      topo "2.x.x"
  
  heavy@4.x.x:
    version "4.0.4"
    resolved "https://registry.yarnpkg.com/heavy/-/heavy-4.0.4.tgz#36c91336c00ccfe852caa4d153086335cd2f00e9"
    dependencies:
      boom "5.x.x"
      hoek "4.x.x"
      joi "10.x.x"
  
  hoek@4.x.x:
    version "4.2.1"
    resolved "https://registry.yarnpkg.com/hoek/-/hoek-4.2.1.tgz#9634502aa12c445dd5a7c5734b572bb8738aacbb"
  
  hoek@6.x.x:
    version "6.1.2"
    resolved "https://registry.yarnpkg.com/hoek/-/hoek-6.1.2.tgz#99e6d070561839de74ee427b61aa476bd6bddfd6"
  
  iron@4.x.x:
    version "4.0.5"
    resolved "https://registry.yarnpkg.com/iron/-/iron-4.0.5.tgz#4f042cceb8b9738f346b59aa734c83a89bc31428"
    dependencies:
      boom "5.x.x"
      cryptiles "3.x.x"
      hoek "4.x.x"
  
  is-buffer@^1.1.5:
    version "1.1.6"
    resolved "https://registry.yarnpkg.com/is-buffer/-/is-buffer-1.1.6.tgz#efaa2ea9daa0d7ab2ea13a97b2b8ad51fefbe8be"
  
  isemail@2.x.x:
    version "2.2.1"
    resolved "https://registry.yarnpkg.com/isemail/-/isemail-2.2.1.tgz#0353d3d9a62951080c262c2aa0a42b8ea8e9e2a6"
  
  isemail@3.x.x:
    version "3.2.0"
    resolved "https://registry.yarnpkg.com/isemail/-/isemail-3.2.0.tgz#59310a021931a9fb06bbb51e155ce0b3f236832c"
    dependencies:
      punycode "2.x.x"
  
  items@2.x.x:
    version "2.1.2"
    resolved "https://registry.yarnpkg.com/items/-/items-2.1.2.tgz#0849354595805d586dac98e7e6e85556ea838558"
  
  joi@10.x.x:
    version "10.6.0"
    resolved "https://registry.yarnpkg.com/joi/-/joi-10.6.0.tgz#52587f02d52b8b75cdb0c74f0b164a191a0e1fc2"
    dependencies:
      hoek "4.x.x"
      isemail "2.x.x"
      items "2.x.x"
      topo "2.x.x"
  
  joi@11.x.x:
    version "11.4.0"
    resolved "https://registry.yarnpkg.com/joi/-/joi-11.4.0.tgz#f674897537b625e9ac3d0b7e1604c828ad913ccb"
    dependencies:
      hoek "4.x.x"
      isemail "3.x.x"
      topo "2.x.x"
  
  js-string-escape@^1.0.1:
    version "1.0.1"
    resolved "https://registry.yarnpkg.com/js-string-escape/-/js-string-escape-1.0.1.tgz#e2625badbc0d67c7533e9edc1068c587ae4137ef"
  
  jsonpath-plus@^0.16.0:
    version "0.16.0"
    resolved "https://registry.yarnpkg.com/jsonpath-plus/-/jsonpath-plus-0.16.0.tgz#fe441b23f03ec6979a5603513988cd3edb7db5dc"
  
  jsonwebtoken@^8.3.0:
    version "8.4.0"
    resolved "https://registry.yarnpkg.com/jsonwebtoken/-/jsonwebtoken-8.4.0.tgz#8757f7b4cb7440d86d5e2f3becefa70536c8e46a"
    dependencies:
      jws "^3.1.5"
      lodash.includes "^4.3.0"
      lodash.isboolean "^3.0.3"
      lodash.isinteger "^4.0.4"
      lodash.isnumber "^3.0.3"
      lodash.isplainobject "^4.0.6"
      lodash.isstring "^4.0.1"
      lodash.once "^4.0.0"
      ms "^2.1.1"
  
  jwa@^1.1.5:
    version "1.1.6"
    resolved "https://registry.yarnpkg.com/jwa/-/jwa-1.1.6.tgz#87240e76c9808dbde18783cf2264ef4929ee50e6"
    dependencies:
      buffer-equal-constant-time "1.0.1"
      ecdsa-sig-formatter "1.0.10"
      safe-buffer "^5.0.1"
  
  jws@^3.1.5:
    version "3.1.5"
    resolved "https://registry.yarnpkg.com/jws/-/jws-3.1.5.tgz#80d12d05b293d1e841e7cb8b4e69e561adcf834f"
    dependencies:
      jwa "^1.1.5"
      safe-buffer "^5.0.1"
  
  lodash.includes@^4.3.0:
    version "4.3.0"
    resolved "https://registry.yarnpkg.com/lodash.includes/-/lodash.includes-4.3.0.tgz#60bb98a87cb923c68ca1e51325483314849f553f"
  
  lodash.isboolean@^3.0.3:
    version "3.0.3"
    resolved "https://registry.yarnpkg.com/lodash.isboolean/-/lodash.isboolean-3.0.3.tgz#6c2e171db2a257cd96802fd43b01b20d5f5870f6"
  
  lodash.isinteger@^4.0.4:
    version "4.0.4"
    resolved "https://registry.yarnpkg.com/lodash.isinteger/-/lodash.isinteger-4.0.4.tgz#619c0af3d03f8b04c31f5882840b77b11cd68343"
  
  lodash.isnumber@^3.0.3:
    version "3.0.3"
    resolved "https://registry.yarnpkg.com/lodash.isnumber/-/lodash.isnumber-3.0.3.tgz#3ce76810c5928d03352301ac287317f11c0b1ffc"
  
  lodash.isplainobject@^4.0.6:
    version "4.0.6"
    resolved "https://registry.yarnpkg.com/lodash.isplainobject/-/lodash.isplainobject-4.0.6.tgz#7c526a52d89b45c45cc690b88163be0497f550cb"
  
  lodash.isstring@^4.0.1:
    version "4.0.1"
    resolved "https://registry.yarnpkg.com/lodash.isstring/-/lodash.isstring-4.0.1.tgz#d527dfb5456eca7cc9bb95d5daeaf88ba54a5451"
  
  lodash.once@^4.0.0:
    version "4.1.1"
    resolved "https://registry.yarnpkg.com/lodash.once/-/lodash.once-4.1.1.tgz#0dd3971213c7c56df880977d504c88fb471a97ac"
  
  mime-db@1.x.x:
    version "1.37.0"
    resolved "https://registry.yarnpkg.com/mime-db/-/mime-db-1.37.0.tgz#0b6a0ce6fdbe9576e25f1f2d2fde8830dc0ad0d8"
  
  mimos@3.x.x:
    version "3.0.3"
    resolved "https://registry.yarnpkg.com/mimos/-/mimos-3.0.3.tgz#b9109072ad378c2b72f6a0101c43ddfb2b36641f"
    dependencies:
      hoek "4.x.x"
      mime-db "1.x.x"
  
  ms@2.0.0:
    version "2.0.0"
    resolved "https://registry.yarnpkg.com/ms/-/ms-2.0.0.tgz#5608aeadfc00be6c2901df5f9861788de0d597c8"
  
  ms@^2.1.1:
    version "2.1.1"
    resolved "https://registry.yarnpkg.com/ms/-/ms-2.1.1.tgz#30a5864eb3ebb0a66f2ebe6d727af06a09d86e0a"
  
  nigel@2.x.x:
    version "2.0.2"
    resolved "https://registry.yarnpkg.com/nigel/-/nigel-2.0.2.tgz#93a1866fb0c52d87390aa75e2b161f4b5c75e5b1"
    dependencies:
      hoek "4.x.x"
      vise "2.x.x"
  
  pez@2.x.x:
    version "2.1.5"
    resolved "https://registry.yarnpkg.com/pez/-/pez-2.1.5.tgz#5ec2cc62500cc3eb4236d4a414cf5a17b5eb5007"
    dependencies:
      b64 "3.x.x"
      boom "5.x.x"
      content "3.x.x"
      hoek "4.x.x"
      nigel "2.x.x"
  
  podium@1.x.x:
    version "1.3.0"
    resolved "https://registry.yarnpkg.com/podium/-/podium-1.3.0.tgz#3c490f54d16f10f5260cbe98641f1cb733a8851c"
    dependencies:
      hoek "4.x.x"
      items "2.x.x"
      joi "10.x.x"
  
  punycode@2.x.x:
    version "2.1.1"
    resolved "https://registry.yarnpkg.com/punycode/-/punycode-2.1.1.tgz#b58b010ac40c22c5657616c8d2c2c02c7bf479ec"
  
  safe-buffer@^5.0.1:
    version "5.1.2"
    resolved "https://registry.yarnpkg.com/safe-buffer/-/safe-buffer-5.1.2.tgz#991ec69d296e0313747d59bdfd2b745c35f8828d"
  
  serverless-offline@^4.1.3:
    version "4.1.3"
    resolved "https://registry.yarnpkg.com/serverless-offline/-/serverless-offline-4.1.3.tgz#944c8e3a1b2f71cb01093d00d14de7f3b7b44224"
    dependencies:
      boom "^7.3.0"
      cryptiles "^4.1.2"
      h2o2 "^6.1.0"
      hapi "^16.7.0"
      hapi-cors-headers "^1.0.3"
      js-string-escape "^1.0.1"
      jsonpath-plus "^0.16.0"
      jsonwebtoken "^8.3.0"
      trim-newlines "^2.0.0"
      uuid "^3.3.2"
      velocityjs "^1.1.2"
  
  shot@3.x.x:
    version "3.4.2"
    resolved "https://registry.yarnpkg.com/shot/-/shot-3.4.2.tgz#1e5c3f6f2b26649adc42f7eb350214a5a0291d67"
    dependencies:
      hoek "4.x.x"
      joi "10.x.x"
  
  somever@1.x.x:
    version "1.0.1"
    resolved "https://registry.yarnpkg.com/somever/-/somever-1.0.1.tgz#28a5c7de0d55f781af52fbce9960db1b84ce206e"
    dependencies:
      hoek "4.x.x"
  
  statehood@5.x.x:
    version "5.0.3"
    resolved "https://registry.yarnpkg.com/statehood/-/statehood-5.0.3.tgz#c07a75620db5379b60d2edd47f538002a8ac7dd6"
    dependencies:
      boom "5.x.x"
      cryptiles "3.x.x"
      hoek "4.x.x"
      iron "4.x.x"
      items "2.x.x"
      joi "10.x.x"
  
  string-similarity@^3.0.0:
    version "3.0.0"
    resolved "https://registry.yarnpkg.com/string-similarity/-/string-similarity-3.0.0.tgz#07b0bc69fae200ad88ceef4983878d03793847c7"
  
  subtext@5.x.x:
    version "5.0.0"
    resolved "https://registry.yarnpkg.com/subtext/-/subtext-5.0.0.tgz#9c3f083018bb1586b167ad8cfd87083f5ccdfe0f"
    dependencies:
      boom "5.x.x"
      content "3.x.x"
      hoek "4.x.x"
      pez "2.x.x"
      wreck "12.x.x"
  
  topo@2.x.x:
    version "2.0.2"
    resolved "https://registry.yarnpkg.com/topo/-/topo-2.0.2.tgz#cd5615752539057c0dc0491a621c3bc6fbe1d182"
    dependencies:
      hoek "4.x.x"
  
  trim-newlines@^2.0.0:
    version "2.0.0"
    resolved "https://registry.yarnpkg.com/trim-newlines/-/trim-newlines-2.0.0.tgz#b403d0b91be50c331dfc4b82eeceb22c3de16d20"
  
  uuid@^3.3.2:
    version "3.3.2"
    resolved "https://registry.yarnpkg.com/uuid/-/uuid-3.3.2.tgz#1b4af4955eb3077c501c23872fc6513811587131"
  
  velocityjs@^1.1.2:
    version "1.1.3"
    resolved "https://registry.yarnpkg.com/velocityjs/-/velocityjs-1.1.3.tgz#28c69ee90ed288749d95ac001c09bf4ffecc1c8a"
  
  vise@2.x.x:
    version "2.0.2"
    resolved "https://registry.yarnpkg.com/vise/-/vise-2.0.2.tgz#6b08e8fb4cb76e3a50cd6dd0ec37338e811a0d39"
    dependencies:
      hoek "4.x.x"
  
  wreck@12.x.x:
    version "12.5.1"
    resolved "https://registry.yarnpkg.com/wreck/-/wreck-12.5.1.tgz#cd2ffce167449e1f0242ed9cf80552e20fb6902a"
    dependencies:
      boom "5.x.x"
      hoek "4.x.x"

Trace: 
  Error: This module isn't specified in a manifest.
      at new MessageError (/usr/local/Cellar/yarn/1.5.1_1/libexec/lib/cli.js:186:110)
      at Object.<anonymous> (/usr/local/Cellar/yarn/1.5.1_1/libexec/lib/cli.js:60445:15)
      at Generator.next (<anonymous>)
      at step (/usr/local/Cellar/yarn/1.5.1_1/libexec/lib/cli.js:98:30)
      at /usr/local/Cellar/yarn/1.5.1_1/libexec/lib/cli.js:109:13
      at <anonymous>
